# JRE version: OpenJDK Runtime Environment (17.0.7) (build 17.0.7+0-b2043.56-10550314)
# Java VM: OpenJDK 64-Bit Server VM (17.0.7+0-b2043.56-10550314, mixed mode, tiered, compressed oops, compressed class ptrs, g1 gc, windows-amd64)
GC Precious Log:
 CPUs: 8 total, 8 available
 Memory: 7969M
 Large Page Support: Disabled
 NUMA Support: Disabled
 Compressed Oops: Enabled (32-bit)
 Heap Region Size: 1M
 Heap Min Capacity: 8M
 Heap Initial Capacity: 126M
 Heap Max Capacity: 2G
 Pre-touch: Disabled
 Parallel Workers: 8
 Concurrent Workers: 2
 Concurrent Refinement Workers: 8
 Periodic GC: Disabled
Heap:
 garbage-first heap   total 110592K, used 56814K [0x0000000080000000, 0x0000000100000000)
  region size 1024K, 1 young (1024K), 1 survivors (1024K)
 Metaspace       used 65826K, committed 66368K, reserved 1114112K
  class space    used 8757K, committed 9024K, reserved 1048576K
GC Heap History (20 events):
Event: 5.478 GC heap after
{Heap after GC invocations=12 (full 0):
 garbage-first heap   total 86016K, used 34562K [0x0000000080000000, 0x0000000100000000)
  region size 1024K, 2 young (2048K), 2 survivors (2048K)
 Metaspace       used 49416K, committed 49856K, reserved 1114112K
  class space    used 6574K, committed 6784K, reserved 1048576K
}
Event: 6.186 GC heap before
{Heap before GC invocations=12 (full 0):
 garbage-first heap   total 86016K, used 65282K [0x0000000080000000, 0x0000000100000000)
  region size 1024K, 33 young (33792K), 2 survivors (2048K)
 Metaspace       used 52229K, committed 52736K, reserved 1114112K
  class space    used 6951K, committed 7168K, reserved 1048576K
}
Event: 6.190 GC heap after
{Heap after GC invocations=13 (full 0):
 garbage-first heap   total 86016K, used 36680K [0x0000000080000000, 0x0000000100000000)
  region size 1024K, 4 young (4096K), 4 survivors (4096K)
 Metaspace       used 52229K, committed 52736K, reserved 1114112K
  class space    used 6951K, committed 7168K, reserved 1048576K
}
Event: 12.895 GC heap before
{Heap before GC invocations=13 (full 0):
 garbage-first heap   total 86016K, used 71496K [0x0000000080000000, 0x0000000100000000)
  region size 1024K, 34 young (34816K), 4 survivors (4096K)
 Metaspace       used 53718K, committed 54144K, reserved 1114112K
  class space    used 7125K, committed 7296K, reserved 1048576K
}
Event: 12.900 GC heap after
{Heap after GC invocations=14 (full 0):
 garbage-first heap   total 86016K, used 48048K [0x0000000080000000, 0x0000000100000000)
  region size 1024K, 5 young (5120K), 5 survivors (5120K)
 Metaspace       used 53718K, committed 54144K, reserved 1114112K
  class space    used 7125K, committed 7296K, reserved 1048576K
}
Event: 12.910 GC heap before
{Heap before GC invocations=14 (full 0):
 garbage-first heap   total 86016K, used 48048K [0x0000000080000000, 0x0000000100000000)
  region size 1024K, 6 young (6144K), 5 survivors (5120K)
 Metaspace       used 53753K, committed 54272K, reserved 1114112K
  class space    used 7128K, committed 7360K, reserved 1048576K
}
Event: 12.912 GC heap after
{Heap after GC invocations=15 (full 0):
 garbage-first heap   total 86016K, used 48539K [0x0000000080000000, 0x0000000100000000)
  region size 1024K, 1 young (1024K), 1 survivors (1024K)
 Metaspace       used 53753K, committed 54272K, reserved 1114112K
  class space    used 7128K, committed 7360K, reserved 1048576K
}
Event: 13.125 GC heap before
{Heap before GC invocations=16 (full 0):
 garbage-first heap   total 89088K, used 66971K [0x0000000080000000, 0x0000000100000000)
  region size 1024K, 19 young (19456K), 1 survivors (1024K)
 Metaspace       used 55344K, committed 55808K, reserved 1114112K
  class space    used 7383K, committed 7552K, reserved 1048576K
}
Event: 13.127 GC heap after
{Heap after GC invocations=17 (full 0):
 garbage-first heap   total 89088K, used 49973K [0x0000000080000000, 0x0000000100000000)
  region size 1024K, 1 young (1024K), 1 survivors (1024K)
 Metaspace       used 55344K, committed 55808K, reserved 1114112K
  class space    used 7383K, committed 7552K, reserved 1048576K
}
Event: 13.372 GC heap before
{Heap before GC invocations=17 (full 0):
 garbage-first heap   total 89088K, used 70453K [0x0000000080000000, 0x0000000100000000)
  region size 1024K, 21 young (21504K), 1 survivors (1024K)
 Metaspace       used 57505K, committed 58048K, reserved 1114112K
  class space    used 7646K, committed 7872K, reserved 1048576K
}
Event: 13.374 GC heap after
{Heap after GC invocations=18 (full 0):
 garbage-first heap   total 89088K, used 50502K [0x0000000080000000, 0x0000000100000000)
  region size 1024K, 2 young (2048K), 2 survivors (2048K)
 Metaspace       used 57505K, committed 58048K, reserved 1114112K
  class space    used 7646K, committed 7872K, reserved 1048576K
}
Event: 13.629 GC heap before
{Heap before GC invocations=19 (full 0):
 garbage-first heap   total 92160K, used 70982K [0x0000000080000000, 0x0000000100000000)
  region size 1024K, 23 young (23552K), 2 survivors (2048K)
 Metaspace       used 59913K, committed 60416K, reserved 1114112K
  class space    used 7957K, committed 8192K, reserved 1048576K
}
Event: 13.632 GC heap after
{Heap after GC invocations=20 (full 0):
 garbage-first heap   total 110592K, used 51110K [0x0000000080000000, 0x0000000100000000)
  region size 1024K, 2 young (2048K), 2 survivors (2048K)
 Metaspace       used 59913K, committed 60416K, reserved 1114112K
  class space    used 7957K, committed 8192K, reserved 1048576K
}
Event: 14.024 GC heap before
{Heap before GC invocations=20 (full 0):
 garbage-first heap   total 110592K, used 74662K [0x0000000080000000, 0x0000000100000000)
  region size 1024K, 26 young (26624K), 2 survivors (2048K)
 Metaspace       used 64052K, committed 64640K, reserved 1114112K
  class space    used 8517K, committed 8832K, reserved 1048576K
}
Event: 14.027 GC heap after
{Heap after GC invocations=21 (full 0):
 garbage-first heap   total 110592K, used 53291K [0x0000000080000000, 0x0000000100000000)
  region size 1024K, 4 young (4096K), 4 survivors (4096K)
 Metaspace       used 64052K, committed 64640K, reserved 1114112K
  class space    used 8517K, committed 8832K, reserved 1048576K
}
Event: 14.081 GC heap before
{Heap before GC invocations=22 (full 0):
 garbage-first heap   total 110592K, used 65579K [0x0000000080000000, 0x0000000100000000)
  region size 1024K, 13 young (13312K), 4 survivors (4096K)
 Metaspace       used 64056K, committed 64640K, reserved 1114112K
  class space    used 8517K, committed 8832K, reserved 1048576K
}
Event: 14.085 GC heap after
{Heap after GC invocations=23 (full 0):
 garbage-first heap   total 110592K, used 59173K [0x0000000080000000, 0x0000000100000000)
  region size 1024K, 5 young (5120K), 5 survivors (5120K)
 Metaspace       used 64056K, committed 64640K, reserved 1114112K
  class space    used 8517K, committed 8832K, reserved 1048576K
}
Event: 14.349 GC heap before
{Heap before GC invocations=24 (full 0):
 garbage-first heap   total 110592K, used 83749K [0x0000000080000000, 0x0000000100000000)
  region size 1024K, 27 young (27648K), 5 survivors (5120K)
 Metaspace       used 65688K, committed 66240K, reserved 1114112K
  class space    used 8739K, committed 9024K, reserved 1048576K
}
Event: 14.352 GC heap after
{Heap after GC invocations=25 (full 0):
 garbage-first heap   total 110592K, used 56841K [0x0000000080000000, 0x0000000100000000)
  region size 1024K, 3 young (3072K), 3 survivors (3072K)
 Metaspace       used 65688K, committed 66240K, reserved 1114112K
  class space    used 8739K, committed 9024K, reserved 1048576K
}
Event: 14.367 GC heap before
{Heap before GC invocations=25 (full 0):
 garbage-first heap   total 110592K, used 58889K [0x0000000080000000, 0x0000000100000000)
  region size 1024K, 5 young (5120K), 3 survivors (3072K)
 Metaspace       used 65826K, committed 66368K, reserved 1114112K
  class space    used 8757K, committed 9024K, reserved 1048576K
}

