# JRE version: OpenJDK Runtime Environment (17.0.7) (build 17.0.7+0-b2043.56-10550314)
# Java VM: OpenJDK 64-Bit Server VM (17.0.7+0-b2043.56-10550314, mixed mode, tiered, compressed oops, compressed class ptrs, g1 gc, windows-amd64)
GC Precious Log:
 CPUs: 8 total, 8 available
 Memory: 7969M
 Large Page Support: Disabled
 NUMA Support: Disabled
 Compressed Oops: Enabled (32-bit)
 Heap Region Size: 1M
 Heap Min Capacity: 8M
 Heap Initial Capacity: 126M
 Heap Max Capacity: 2G
 Pre-touch: Disabled
 Parallel Workers: 8
 Concurrent Workers: 2
 Concurrent Refinement Workers: 8
 Periodic GC: Disabled
Heap:
 garbage-first heap   total 87040K, used 58334K [0x0000000080000000, 0x0000000100000000)
  region size 1024K, 11 young (11264K), 1 survivors (1024K)
 Metaspace       used 56594K, committed 57088K, reserved 1114112K
  class space    used 7550K, committed 7744K, reserved 1048576K
GC Heap History (20 events):
Event: 2.611 GC heap before
{Heap before GC invocations=4 (full 0):
 garbage-first heap   total 68608K, used 51196K [0x0000000080000000, 0x0000000100000000)
  region size 1024K, 40 young (40960K), 8 survivors (8192K)
 Metaspace       used 25912K, committed 26240K, reserved 1114112K
  class space    used 3391K, committed 3520K, reserved 1048576K
}
Event: 2.617 GC heap after
{Heap after GC invocations=5 (full 0):
 garbage-first heap   total 68608K, used 20617K [0x0000000080000000, 0x0000000100000000)
  region size 1024K, 3 young (3072K), 3 survivors (3072K)
 Metaspace       used 25912K, committed 26240K, reserved 1114112K
  class space    used 3391K, committed 3520K, reserved 1048576K
}
Event: 2.639 GC heap before
{Heap before GC invocations=5 (full 0):
 garbage-first heap   total 68608K, used 21641K [0x0000000080000000, 0x0000000100000000)
  region size 1024K, 4 young (4096K), 3 survivors (3072K)
 Metaspace       used 26090K, committed 26368K, reserved 1114112K
  class space    used 3415K, committed 3520K, reserved 1048576K
}
Event: 2.641 GC heap after
{Heap after GC invocations=6 (full 0):
 garbage-first heap   total 68608K, used 20862K [0x0000000080000000, 0x0000000100000000)
  region size 1024K, 1 young (1024K), 1 survivors (1024K)
 Metaspace       used 26090K, committed 26368K, reserved 1114112K
  class space    used 3415K, committed 3520K, reserved 1048576K
}
Event: 3.118 GC heap before
{Heap before GC invocations=6 (full 0):
 garbage-first heap   total 68608K, used 49534K [0x0000000080000000, 0x0000000100000000)
  region size 1024K, 29 young (29696K), 1 survivors (1024K)
 Metaspace       used 29982K, committed 30272K, reserved 1114112K
  class space    used 4056K, committed 4160K, reserved 1048576K
}
Event: 3.121 GC heap after
{Heap after GC invocations=7 (full 0):
 garbage-first heap   total 90112K, used 22049K [0x0000000080000000, 0x0000000100000000)
  region size 1024K, 2 young (2048K), 2 survivors (2048K)
 Metaspace       used 29982K, committed 30272K, reserved 1114112K
  class space    used 4056K, committed 4160K, reserved 1048576K
}
Event: 3.772 GC heap before
{Heap before GC invocations=7 (full 0):
 garbage-first heap   total 90112K, used 60961K [0x0000000080000000, 0x0000000100000000)
  region size 1024K, 41 young (41984K), 2 survivors (2048K)
 Metaspace       used 35658K, committed 35968K, reserved 1114112K
  class space    used 4949K, committed 5120K, reserved 1048576K
}
Event: 3.777 GC heap after
{Heap after GC invocations=8 (full 0):
 garbage-first heap   total 90112K, used 24290K [0x0000000080000000, 0x0000000100000000)
  region size 1024K, 4 young (4096K), 4 survivors (4096K)
 Metaspace       used 35658K, committed 35968K, reserved 1114112K
  class space    used 4949K, committed 5120K, reserved 1048576K
}
Event: 4.948 GC heap before
{Heap before GC invocations=9 (full 0):
 garbage-first heap   total 86016K, used 66274K [0x0000000080000000, 0x0000000100000000)
  region size 1024K, 46 young (47104K), 4 survivors (4096K)
 Metaspace       used 41539K, committed 41856K, reserved 1114112K
  class space    used 5534K, committed 5696K, reserved 1048576K
}
Event: 4.954 GC heap after
{Heap after GC invocations=10 (full 0):
 garbage-first heap   total 86016K, used 28634K [0x0000000080000000, 0x0000000100000000)
  region size 1024K, 6 young (6144K), 6 survivors (6144K)
 Metaspace       used 41539K, committed 41856K, reserved 1114112K
  class space    used 5534K, committed 5696K, reserved 1048576K
}
Event: 5.973 GC heap before
{Heap before GC invocations=10 (full 0):
 garbage-first heap   total 86016K, used 70618K [0x0000000080000000, 0x0000000100000000)
  region size 1024K, 42 young (43008K), 6 survivors (6144K)
 Metaspace       used 45238K, committed 45696K, reserved 1114112K
  class space    used 5996K, committed 6208K, reserved 1048576K
}
Event: 5.981 GC heap after
{Heap after GC invocations=11 (full 0):
 garbage-first heap   total 86016K, used 32701K [0x0000000080000000, 0x0000000100000000)
  region size 1024K, 4 young (4096K), 4 survivors (4096K)
 Metaspace       used 45238K, committed 45696K, reserved 1114112K
  class space    used 5996K, committed 6208K, reserved 1048576K
}
Event: 6.828 GC heap before
{Heap before GC invocations=11 (full 0):
 garbage-first heap   total 86016K, used 67517K [0x0000000080000000, 0x0000000100000000)
  region size 1024K, 37 young (37888K), 4 survivors (4096K)
 Metaspace       used 49739K, committed 50112K, reserved 1114112K
  class space    used 6600K, committed 6784K, reserved 1048576K
}
Event: 6.834 GC heap after
{Heap after GC invocations=12 (full 0):
 garbage-first heap   total 86016K, used 33844K [0x0000000080000000, 0x0000000100000000)
  region size 1024K, 2 young (2048K), 2 survivors (2048K)
 Metaspace       used 49739K, committed 50112K, reserved 1114112K
  class space    used 6600K, committed 6784K, reserved 1048576K
}
Event: 7.898 GC heap before
{Heap before GC invocations=12 (full 0):
 garbage-first heap   total 86016K, used 65588K [0x0000000080000000, 0x0000000100000000)
  region size 1024K, 34 young (34816K), 2 survivors (2048K)
 Metaspace       used 52409K, committed 52800K, reserved 1114112K
  class space    used 6955K, committed 7104K, reserved 1048576K
}
Event: 7.903 GC heap after
{Heap after GC invocations=13 (full 0):
 garbage-first heap   total 86016K, used 36709K [0x0000000080000000, 0x0000000100000000)
  region size 1024K, 5 young (5120K), 5 survivors (5120K)
 Metaspace       used 52409K, committed 52800K, reserved 1114112K
  class space    used 6955K, committed 7104K, reserved 1048576K
}
Event: 8.650 GC heap before
{Heap before GC invocations=13 (full 0):
 garbage-first heap   total 86016K, used 71525K [0x0000000080000000, 0x0000000100000000)
  region size 1024K, 34 young (34816K), 5 survivors (5120K)
 Metaspace       used 53955K, committed 54400K, reserved 1114112K
  class space    used 7146K, committed 7360K, reserved 1048576K
}
Event: 8.655 GC heap after
{Heap after GC invocations=14 (full 0):
 garbage-first heap   total 86016K, used 48447K [0x0000000080000000, 0x0000000100000000)
  region size 1024K, 5 young (5120K), 5 survivors (5120K)
 Metaspace       used 53955K, committed 54400K, reserved 1114112K
  class space    used 7146K, committed 7360K, reserved 1048576K
}
Event: 9.131 GC heap before
{Heap before GC invocations=14 (full 0):
 garbage-first heap   total 86016K, used 66879K [0x0000000080000000, 0x0000000100000000)
  region size 1024K, 23 young (23552K), 5 survivors (5120K)
 Metaspace       used 55652K, committed 56128K, reserved 1114112K
  class space    used 7407K, committed 7616K, reserved 1048576K
}
Event: 9.134 GC heap after
{Heap after GC invocations=15 (full 0):
 garbage-first heap   total 86016K, used 49118K [0x0000000080000000, 0x0000000100000000)
  region size 1024K, 1 young (1024K), 1 survivors (1024K)
 Metaspace       used 55652K, committed 56128K, reserved 1114112K
  class space    used 7407K, committed 7616K, reserved 1048576K
}

